2023-02-20 10:43:04.320 [info] Extension host with pid 11964 started
2023-02-20 10:43:04.456 [info] ExtensionService#_doActivateExtension vscode.git-base, startup: true, activationEvent: '*', root cause: vscode.git
2023-02-20 10:43:04.475 [info] ExtensionService#_doActivateExtension vscode.git, startup: true, activationEvent: '*'
2023-02-20 10:43:04.475 [info] ExtensionService#_doActivateExtension vscode.github, startup: true, activationEvent: '*'
2023-02-20 10:43:04.671 [info] Eager extensions activated
2023-02-20 10:43:04.731 [info] ExtensionService#_doActivateExtension vscode.debug-auto-launch, startup: false, activationEvent: 'onStartupFinished'
2023-02-20 10:43:04.732 [info] ExtensionService#_doActivateExtension vscode.emmet, startup: false, activationEvent: 'onStartupFinished'
2023-02-20 10:43:04.732 [info] ExtensionService#_doActivateExtension vscode.merge-conflict, startup: false, activationEvent: 'onStartupFinished'
2023-02-20 10:44:02.484 [info] ExtensionService#_doActivateExtension vscode.configuration-editing, startup: false, activationEvent: 'onLanguage:jsonc'
2023-02-20 10:44:02.484 [info] ExtensionService#_doActivateExtension vscode.json-language-features, startup: false, activationEvent: 'onLanguage:jsonc'
2023-02-20 10:44:02.485 [info] ExtensionService#_doActivateExtension vscode.typescript-language-features, startup: false, activationEvent: 'onLanguage:jsonc'
2023-02-20 10:44:40.056 [info] Extension host terminating: received terminate message from renderer
2023-02-20 10:44:40.078 [info] Extension host with pid 11964 exiting with code 0
2023-02-20 10:44:42.335 [info] Extension host with pid 12308 started
2023-02-20 10:44:42.335 [info] Skipping acquiring lock for /home/nd/.config/Code - OSS/User/workspaceStorage/55f343655bcd066bb86061d1f18ce3d5.
2023-02-20 10:44:42.471 [info] ExtensionService#_doActivateExtension vscode.git-base, startup: true, activationEvent: '*'
2023-02-20 10:44:42.542 [info] ExtensionService#_doActivateExtension vscode.github, startup: true, activationEvent: '*'
2023-02-20 10:44:42.559 [info] Eager extensions activated
2023-02-20 10:44:42.564 [info] ExtensionService#_doActivateExtension vscode.debug-auto-launch, startup: false, activationEvent: 'onStartupFinished'
2023-02-20 10:44:42.565 [info] ExtensionService#_doActivateExtension vscode.emmet, startup: false, activationEvent: 'onStartupFinished'
2023-02-20 10:44:42.565 [info] ExtensionService#_doActivateExtension vscode.merge-conflict, startup: false, activationEvent: 'onStartupFinished'
2023-02-20 10:44:44.351 [info] ExtensionService#_doActivateExtension vscode.git, startup: false, activationEvent: 'api', root cause: vscode.github
2023-02-20 11:42:19.979 [info] Extension host terminating: received terminate message from renderer
2023-02-20 11:42:19.996 [info] Extension host with pid 12308 exiting with code 0
