2023-02-20 10:43:02.661 [info] Added views:workbench.panel.markers.view in workbench.panel.markers
2023-02-20 10:43:02.661 [info] Added views:workbench.panel.output in workbench.panel.output
2023-02-20 10:43:02.661 [info] Added views:terminal in terminal
2023-02-20 10:43:02.661 [info] Added views:outline in workbench.view.explorer
2023-02-20 10:43:02.661 [info] Added views:workbench.scm in workbench.view.scm
2023-02-20 10:43:02.661 [info] Added views:workbench.view.search in workbench.view.search
2023-02-20 10:43:02.661 [info] Added views:timeline in workbench.view.explorer
2023-02-20 10:43:02.661 [info] Added views:workbench.explorer.emptyView in workbench.view.explorer
2023-02-20 10:43:02.662 [info] Added views:workbench.debug.variablesView,workbench.debug.watchExpressionsView,workbench.debug.callStackView,workbench.debug.breakPointsView in workbench.view.debug
2023-02-20 10:43:04.445 [info] Added views:workbench.panel.repl.view in workbench.panel.repl
2023-02-20 10:43:04.459 [info] Removed views:workbench.debug.breakPointsView,workbench.debug.callStackView,workbench.debug.watchExpressionsView,workbench.debug.variablesView from workbench.view.debug
2023-02-20 10:43:04.460 [info] Added views:workbench.debug.welcome in workbench.view.debug
2023-02-20 10:43:09.081 [info] Added views:workbench.views.extensions.installed,workbench.views.extensions.popular,extensions.recommendedList in workbench.view.extensions
2023-02-20 10:43:09.094 [info] Removed views:workbench.views.extensions.popular from workbench.view.extensions
2023-02-20 10:43:09.419 [info] Added views:workbench.views.extensions.popular in workbench.view.extensions
2023-02-20 10:43:11.829 [info] Removed views:extensions.recommendedList,workbench.views.extensions.popular,workbench.views.extensions.installed from workbench.view.extensions
2023-02-20 10:43:11.845 [info] Added views:workbench.views.extensions.marketplace in workbench.view.extensions
2023-02-20 10:44:41.418 [info] Added views:workbench.panel.markers.view in workbench.panel.markers
2023-02-20 10:44:41.418 [info] Added views:workbench.panel.output in workbench.panel.output
2023-02-20 10:44:41.418 [info] Added views:terminal in terminal
2023-02-20 10:44:41.418 [info] Added views:outline in workbench.view.explorer
2023-02-20 10:44:41.418 [info] Added views:workbench.scm in workbench.view.scm
2023-02-20 10:44:41.418 [info] Added views:workbench.view.search in workbench.view.search
2023-02-20 10:44:41.418 [info] Added views:timeline in workbench.view.explorer
2023-02-20 10:44:41.418 [info] Added views:workbench.explorer.fileView in workbench.view.explorer
2023-02-20 10:44:41.418 [info] Added views:workbench.debug.variablesView,workbench.debug.watchExpressionsView,workbench.debug.callStackView,workbench.debug.breakPointsView in workbench.view.debug
2023-02-20 10:44:42.437 [info] Added views:workbench.panel.repl.view in workbench.panel.repl
2023-02-20 10:44:42.440 [info] Removed views:workbench.debug.breakPointsView,workbench.debug.callStackView,workbench.debug.watchExpressionsView,workbench.debug.variablesView from workbench.view.debug
2023-02-20 10:44:42.441 [info] Added views:workbench.debug.welcome in workbench.view.debug
